<?xml version="1.0" encoding="UTF-8"?>
<!-- Generated by org.testng.reporters.JUnitReportReporter -->
<testsuite skipped="0" hostname="Darren-Thinkpad" name="com.darren.locator.GmailLogin" tests="3" failures="0" timestamp="11 Dec 2017 16:10:51 GMT" time="7.380" errors="0">
  <testcase name="enterUserNameCredential" time="0.534" classname="com.darren.locator.GmailLogin"/>
  <testcase name="enterPassword" time="6.834" classname="com.darren.locator.GmailLogin"/>
  <testcase name="verifyAfterLogin" time="0.012" classname="com.darren.locator.GmailLogin"/>
</testsuite> <!-- com.darren.locator.GmailLogin -->
