<?xml version="1.0" encoding="UTF-8"?>
<!-- Generated by org.testng.reporters.JUnitReportReporter -->
<testsuite skipped="0" hostname="Darren-Thinkpad" name="com.koodo.VerifySelfserve" tests="3" failures="0" timestamp="04 Dec 2017 15:04:01 GMT" time="2.444" errors="0">
  <testcase name="verifyKoodoTitle" time="0.016" classname="com.koodo.VerifySelfserve"/>
  <testcase name="verifyClickSelfServe" time="2.307" classname="com.koodo.VerifySelfserve"/>
  <testcase name="typeCredential" time="0.121" classname="com.koodo.VerifySelfserve"/>
</testsuite> <!-- com.koodo.VerifySelfserve -->
