<?xml version="1.0" encoding="UTF-8"?>
<!-- Generated by org.testng.reporters.JUnitReportReporter -->
<testsuite skipped="0" hostname="L034794" name="com.mandeep.test.GmailLoginFlow" tests="3" failures="0" timestamp="12 Dec 2017 15:53:07 GMT" time="6.119" errors="0">
  <testcase name="enterUserName" time="0.691" classname="com.mandeep.test.GmailLoginFlow"/>
  <testcase name="enterPassWord" time="3.703" classname="com.mandeep.test.GmailLoginFlow"/>
  <testcase name="verifyLoginTitle" time="1.725" classname="com.mandeep.test.GmailLoginFlow"/>
</testsuite> <!-- com.mandeep.test.GmailLoginFlow -->
