<?xml version="1.0" encoding="UTF-8"?>
<!-- Generated by org.testng.reporters.JUnitReportReporter -->
<testsuite skipped="0" hostname="Darren-Thinkpad" name="com.darren.test.GmailLogin" tests="3" failures="0" timestamp="11 Dec 2017 16:21:14 GMT" time="6.759" errors="0">
  <testcase name="enterUserNameCredential" time="0.591" classname="com.darren.test.GmailLogin"/>
  <testcase name="enterPassword" time="6.160" classname="com.darren.test.GmailLogin"/>
  <testcase name="verifyAfterLogin" time="0.008" classname="com.darren.test.GmailLogin"/>
</testsuite> <!-- com.darren.test.GmailLogin -->
