<?xml version="1.0" encoding="UTF-8"?>
<!-- Generated by org.testng.reporters.JUnitReportReporter -->
<testsuite skipped="0" hostname="L034794" name="com.mandeep.test.GmailLoginFlow" tests="3" failures="0" timestamp="01 Feb 2018 15:23:25 GMT" time="6.534" errors="0">
  <testcase name="enterUserName" time="0.742" classname="com.mandeep.test.GmailLoginFlow"/>
  <testcase name="enterPassWord" time="3.233" classname="com.mandeep.test.GmailLoginFlow"/>
  <testcase name="verifyLoginTitle" time="2.559" classname="com.mandeep.test.GmailLoginFlow"/>
</testsuite> <!-- com.mandeep.test.GmailLoginFlow -->
