<?xml version="1.0" encoding="UTF-8"?>
<!-- Generated by org.testng.reporters.JUnitReportReporter -->
<testsuite skipped="0" hostname="Darren-Thinkpad" name="com.darren.test.GmailLogin" tests="3" failures="0" timestamp="11 Dec 2017 16:38:02 GMT" time="6.669" errors="0">
  <testcase name="enterUserNameCredential" time="0.560" classname="com.darren.test.GmailLogin"/>
  <testcase name="enterPassword" time="6.086" classname="com.darren.test.GmailLogin"/>
  <testcase name="verifyAfterLogin" time="0.023" classname="com.darren.test.GmailLogin"/>
</testsuite> <!-- com.darren.test.GmailLogin -->
