<?xml version="1.0" encoding="UTF-8"?>
<!-- Generated by org.testng.reporters.JUnitReportReporter -->
<testsuite hostname="Darren-Thinkpad" name="com.koodo.KoodoLogin" tests="3" failures="0" timestamp="6 Feb 2018 15:20:06 GMT" time="5.685" errors="0">
  <testcase name="enterCredential" time="3.756" classname="com.koodo.KoodoLogin"/>
  <testcase name="goToLoginPage" time="1.795" classname="com.koodo.KoodoLogin"/>
  <testcase name="verifyTitle" time="0.134" classname="com.koodo.KoodoLogin"/>
</testsuite> <!-- com.koodo.KoodoLogin -->
