<?xml version="1.0" encoding="UTF-8"?>
<!-- Generated by org.testng.reporters.JUnitReportReporter -->
<testsuite skipped="0" hostname="Darren-Thinkpad" name="com.koodo.TestLogin" tests="3" failures="0" timestamp="29 Nov 2017 17:59:24 GMT" time="1.449" errors="0">
  <testcase name="koodoHomePage" time="0.017" classname="com.koodo.TestLogin"/>
  <testcase name="login" time="1.287" classname="com.koodo.TestLogin"/>
  <testcase name="enterCredential" time="0.145" classname="com.koodo.TestLogin"/>
</testsuite> <!-- com.koodo.TestLogin -->
