<?xml version="1.0" encoding="UTF-8"?>
<!-- Generated by org.testng.reporters.JUnitReportReporter -->
<testsuite skipped="0" hostname="Darren-Thinkpad" name="com.koodo.test.VerifySelfserve" tests="3" failures="0" timestamp="06 Dec 2017 20:49:56 GMT" time="4.665" errors="0">
  <testcase name="verifyKoodoTitle" time="0.037" classname="com.koodo.test.VerifySelfserve"/>
  <testcase name="verifyClickSelfServe" time="1.746" classname="com.koodo.test.VerifySelfserve"/>
  <testcase name="typeCredential" time="2.882" classname="com.koodo.test.VerifySelfserve"/>
</testsuite> <!-- com.koodo.test.VerifySelfserve -->
